# JRE version: Java(TM) SE Runtime Environment (8.0_201-b09) (build 1.8.0_201-b09)
# Java VM: Java HotSpot(TM) 64-Bit Server VM (25.201-b09 mixed mode bsd-amd64 compressed oops)
Heap:
 PSYoungGen      total 38400K, used 17670K [0x0000000795580000, 0x0000000798000000, 0x00000007c0000000)
  eden space 33280K, 53% used [0x0000000795580000,0x00000007966c19b0,0x0000000797600000)
  from space 5120K, 0% used [0x0000000797b00000,0x0000000797b00000,0x0000000798000000)
  to   space 5120K, 0% used [0x0000000797600000,0x0000000797600000,0x0000000797b00000)
 ParOldGen       total 87552K, used 1372K [0x0000000740000000, 0x0000000745580000, 0x0000000795580000)
  object space 87552K, 1% used [0x0000000740000000,0x0000000740157138,0x0000000745580000)
 Metaspace       used 5965K, capacity 6246K, committed 6528K, reserved 1056768K
  class space    used 600K, capacity 608K, committed 640K, reserved 1048576K
GC Heap History (10 events):
Event: 13.982 GC heap before
{Heap before GC invocations=3 (full 1):
 PSYoungGen      total 38400K, used 1296K [0x0000000795580000, 0x0000000798000000, 0x00000007c0000000)
  eden space 33280K, 0% used [0x0000000795580000,0x0000000795580000,0x0000000797600000)
  from space 5120K, 25% used [0x0000000797b00000,0x0000000797c44010,0x0000000798000000)
  to   space 5120K, 0% used [0x0000000797600000,0x0000000797600000,0x0000000797b00000)
 ParOldGen       total 87552K, used 0K [0x0000000740000000, 0x0000000745580000, 0x0000000795580000)
  object space 87552K, 0% used [0x0000000740000000,0x0000000740000000,0x0000000745580000)
 Metaspace       used 5611K, capacity 5770K, committed 6016K, reserved 1056768K
  class space    used 593K, capacity 601K, committed 640K, reserved 1048576K
Event: 13.988 GC heap after
Heap after GC invocations=3 (full 1):
 PSYoungGen      total 38400K, used 0K [0x0000000795580000, 0x0000000798000000, 0x00000007c0000000)
  eden space 33280K, 0% used [0x0000000795580000,0x0000000795580000,0x0000000797600000)
  from space 5120K, 0% used [0x0000000797b00000,0x0000000797b00000,0x0000000798000000)
  to   space 5120K, 0% used [0x0000000797600000,0x0000000797600000,0x0000000797b00000)
 ParOldGen       total 87552K, used 1157K [0x0000000740000000, 0x0000000745580000, 0x0000000795580000)
  object space 87552K, 1% used [0x0000000740000000,0x0000000740121788,0x0000000745580000)
 Metaspace       used 5611K, capacity 5770K, committed 6016K, reserved 1056768K
  class space    used 593K, capacity 601K, committed 640K, reserved 1048576K
}
Event: 17.121 GC heap before
{Heap before GC invocations=4 (full 1):
 PSYoungGen      total 38400K, used 7621K [0x0000000795580000, 0x0000000798000000, 0x00000007c0000000)
  eden space 33280K, 22% used [0x0000000795580000,0x0000000795cf17a0,0x0000000797600000)
  from space 5120K, 0% used [0x0000000797b00000,0x0000000797b00000,0x0000000798000000)
  to   space 5120K, 0% used [0x0000000797600000,0x0000000797600000,0x0000000797b00000)
 ParOldGen       total 87552K, used 1157K [0x0000000740000000, 0x0000000745580000, 0x0000000795580000)
  object space 87552K, 1% used [0x0000000740000000,0x0000000740121788,0x0000000745580000)
 Metaspace       used 5717K, capacity 5972K, committed 6016K, reserved 1056768K
  class space    used 595K, capacity 603K, committed 640K, reserved 1048576K
Event: 17.123 GC heap after
Heap after GC invocations=4 (full 1):
 PSYoungGen      total 38400K, used 384K [0x0000000795580000, 0x0000000798000000, 0x00000007c0000000)
  eden space 33280K, 0% used [0x0000000795580000,0x0000000795580000,0x0000000797600000)
  from space 5120K, 7% used [0x0000000797600000,0x0000000797660000,0x0000000797b00000)
  to   space 5120K, 0% used [0x0000000797b00000,0x0000000797b00000,0x0000000798000000)
 ParOldGen       total 87552K, used 1157K [0x0000000740000000, 0x0000000745580000, 0x0000000795580000)
  object space 87552K, 1% used [0x0000000740000000,0x0000000740121788,0x0000000745580000)
 Metaspace       used 5717K, capacity 5972K, committed 6016K, reserved 1056768K
  class space    used 595K, capacity 603K, committed 640K, reserved 1048576K
}
Event: 17.123 GC heap before
{Heap before GC invocations=5 (full 2):
 PSYoungGen      total 38400K, used 384K [0x0000000795580000, 0x0000000798000000, 0x00000007c0000000)
  eden space 33280K, 0% used [0x0000000795580000,0x0000000795580000,0x0000000797600000)
  from space 5120K, 7% used [0x0000000797600000,0x0000000797660000,0x0000000797b00000)
  to   space 5120K, 0% used [0x0000000797b00000,0x0000000797b00000,0x0000000798000000)
 ParOldGen       total 87552K, used 1157K [0x0000000740000000, 0x0000000745580000, 0x0000000795580000)
  object space 87552K, 1% used [0x0000000740000000,0x0000000740121788,0x0000000745580000)
 Metaspace       used 5717K, capacity 5972K, committed 6016K, reserved 1056768K
  class space    used 595K, capacity 603K, committed 640K, reserved 1048576K
Event: 17.136 GC heap after
Heap after GC invocations=5 (full 2):
 PSYoungGen      total 38400K, used 0K [0x0000000795580000, 0x0000000798000000, 0x00000007c0000000)
  eden space 33280K, 0% used [0x0000000795580000,0x0000000795580000,0x0000000797600000)
  from space 5120K, 0% used [0x0000000797600000,0x0000000797600000,0x0000000797b00000)
  to   space 5120K, 0% used [0x0000000797b00000,0x0000000797b00000,0x0000000798000000)
 ParOldGen       total 87552K, used 1279K [0x0000000740000000, 0x0000000745580000, 0x0000000795580000)
  object space 87552K, 1% used [0x0000000740000000,0x000000074013fc10,0x0000000745580000)
 Metaspace       used 5717K, capacity 5972K, committed 6016K, reserved 1056768K
  class space    used 595K, capacity 603K, committed 640K, reserved 1048576K
}
Event: 19.541 GC heap before
{Heap before GC invocations=6 (full 2):
 PSYoungGen      total 38400K, used 21439K [0x0000000795580000, 0x0000000798000000, 0x00000007c0000000)
  eden space 33280K, 64% used [0x0000000795580000,0x0000000796a6fe58,0x0000000797600000)
  from space 5120K, 0% used [0x0000000797600000,0x0000000797600000,0x0000000797b00000)
  to   space 5120K, 0% used [0x0000000797b00000,0x0000000797b00000,0x0000000798000000)
 ParOldGen       total 87552K, used 1279K [0x0000000740000000, 0x0000000745580000, 0x0000000795580000)
  object space 87552K, 1% used [0x0000000740000000,0x000000074013fc10,0x0000000745580000)
 Metaspace       used 5839K, capacity 6112K, committed 6272K, reserved 1056768K
  class space    used 597K, capacity 606K, committed 640K, reserved 1048576K
Event: 19.542 GC heap after
Heap after GC invocations=6 (full 2):
 PSYoungGen      total 38400K, used 352K [0x0000000795580000, 0x0000000798000000, 0x00000007c0000000)
  eden space 33280K, 0% used [0x0000000795580000,0x0000000795580000,0x0000000797600000)
  from space 5120K, 6% used [0x0000000797b00000,0x0000000797b58000,0x0000000798000000)
  to   space 5120K, 0% used [0x0000000797600000,0x0000000797600000,0x0000000797b00000)
 ParOldGen       total 87552K, used 1279K [0x0000000740000000, 0x0000000745580000, 0x0000000795580000)
  object space 87552K, 1% used [0x0000000740000000,0x000000074013fc10,0x0000000745580000)
 Metaspace       used 5839K, capacity 6112K, committed 6272K, reserved 1056768K
  class space    used 597K, capacity 606K, committed 640K, reserved 1048576K
}
Event: 19.542 GC heap before
{Heap before GC invocations=7 (full 3):
 PSYoungGen      total 38400K, used 352K [0x0000000795580000, 0x0000000798000000, 0x00000007c0000000)
  eden space 33280K, 0% used [0x0000000795580000,0x0000000795580000,0x0000000797600000)
  from space 5120K, 6% used [0x0000000797b00000,0x0000000797b58000,0x0000000798000000)
  to   space 5120K, 0% used [0x0000000797600000,0x0000000797600000,0x0000000797b00000)
 ParOldGen       total 87552K, used 1279K [0x0000000740000000, 0x0000000745580000, 0x0000000795580000)
  object space 87552K, 1% used [0x0000000740000000,0x000000074013fc10,0x0000000745580000)
 Metaspace       used 5839K, capacity 6112K, committed 6272K, reserved 1056768K
  class space    used 597K, capacity 606K, committed 640K, reserved 1048576K
Event: 19.555 GC heap after
Heap after GC invocations=7 (full 3):
 PSYoungGen      total 38400K, used 0K [0x0000000795580000, 0x0000000798000000, 0x00000007c0000000)
  eden space 33280K, 0% used [0x0000000795580000,0x0000000795580000,0x0000000797600000)
  from space 5120K, 0% used [0x0000000797b00000,0x0000000797b00000,0x0000000798000000)
  to   space 5120K, 0% used [0x0000000797600000,0x0000000797600000,0x0000000797b00000)
 ParOldGen       total 87552K, used 1372K [0x0000000740000000, 0x0000000745580000, 0x0000000795580000)
  object space 87552K, 1% used [0x0000000740000000,0x0000000740157138,0x0000000745580000)
 Metaspace       used 5839K, capacity 6112K, committed 6272K, reserved 1056768K
  class space    used 597K, capacity 606K, committed 640K, reserved 1048576K
}

